{"C:\\Users\\Aditya Raj\\Desktop\\apigee-proxy\\apiproxy\\resources\\spec\\AddContentLanguageHeaderSpec.js":{"path":"C:\\Users\\Aditya Raj\\Desktop\\apigee-proxy\\apiproxy\\resources\\spec\\AddContentLanguageHeaderSpec.js","s":{"1":1,"2":1,"3":1,"4":2,"5":2,"6":8,"7":6,"8":2,"9":1,"10":1,"11":1,"12":1,"13":1,"14":1,"15":1,"16":1,"17":1,"18":1},"b":{},"f":{"1":1,"2":2,"3":2,"4":8,"5":6,"6":1,"7":1},"fnMap":{"1":{"name":"(anonymous_1)","line":2,"loc":{"start":{"line":2,"column":42},"end":{"line":2,"column":54}}},"2":{"name":"(anonymous_2)","line":3,"loc":{"start":{"line":3,"column":15},"end":{"line":3,"column":27}}},"3":{"name":"(anonymous_3)","line":4,"loc":{"start":{"line":4,"column":22},"end":{"line":4,"column":34}}},"4":{"name":"(anonymous_4)","line":7,"loc":{"start":{"line":7,"column":25},"end":{"line":7,"column":63}}},"5":{"name":"(anonymous_5)","line":10,"loc":{"start":{"line":10,"column":25},"end":{"line":10,"column":49}}},"6":{"name":"(anonymous_6)","line":17,"loc":{"start":{"line":17,"column":67},"end":{"line":17,"column":79}}},"7":{"name":"(anonymous_7)","line":25,"loc":{"start":{"line":25,"column":48},"end":{"line":25,"column":60}}}},"statementMap":{"1":{"start":{"line":1,"column":0},"end":{"line":1,"column":102}},"2":{"start":{"line":2,"column":0},"end":{"line":32,"column":3}},"3":{"start":{"line":3,"column":4},"end":{"line":15,"column":7}},"4":{"start":{"line":4,"column":8},"end":{"line":5,"column":10}},"5":{"start":{"line":6,"column":8},"end":{"line":13,"column":10}},"6":{"start":{"line":8,"column":16},"end":{"line":8,"column":50}},"7":{"start":{"line":11,"column":16},"end":{"line":11,"column":42}},"8":{"start":{"line":14,"column":8},"end":{"line":14,"column":32}},"9":{"start":{"line":17,"column":4},"end":{"line":23,"column":7}},"10":{"start":{"line":18,"column":8},"end":{"line":18,"column":72}},"11":{"start":{"line":19,"column":8},"end":{"line":19,"column":43}},"12":{"start":{"line":20,"column":8},"end":{"line":20,"column":35}},"13":{"start":{"line":21,"column":8},"end":{"line":21,"column":73}},"14":{"start":{"line":22,"column":8},"end":{"line":22,"column":66}},"15":{"start":{"line":25,"column":4},"end":{"line":29,"column":7}},"16":{"start":{"line":26,"column":8},"end":{"line":26,"column":43}},"17":{"start":{"line":27,"column":8},"end":{"line":27,"column":35}},"18":{"start":{"line":28,"column":8},"end":{"line":28,"column":71}}},"branchMap":{}},"C:\\Users\\Aditya Raj\\Desktop\\apigee-proxy\\apiproxy\\resources\\jsc\\AddContentLanguageHeader\\AddContentLanguageHeader.js":{"path":"C:\\Users\\Aditya Raj\\Desktop\\apigee-proxy\\apiproxy\\resources\\jsc\\AddContentLanguageHeader\\AddContentLanguageHeader.js","s":{"1":1,"2":2,"3":2,"4":2,"5":2,"6":2,"7":2,"8":1,"9":2,"10":1,"11":1,"12":1,"13":0,"14":0,"15":0,"16":0,"17":0,"18":0,"19":0,"20":0,"21":2},"b":{"1":[1,1],"2":[1,1],"3":[1,0],"4":[0,0],"5":[0,0],"6":[0,0],"7":[0,0]},"f":{"1":2},"fnMap":{"1":{"name":"addContentLanguageHeader","line":1,"loc":{"start":{"line":1,"column":27},"end":{"line":1,"column":63}}}},"statementMap":{"1":{"start":{"line":1,"column":0},"end":{"line":31,"column":2}},"2":{"start":{"line":2,"column":4},"end":{"line":2,"column":81}},"3":{"start":{"line":3,"column":4},"end":{"line":3,"column":76}},"4":{"start":{"line":4,"column":4},"end":{"line":4,"column":47}},"5":{"start":{"line":5,"column":4},"end":{"line":5,"column":17}},"6":{"start":{"line":6,"column":4},"end":{"line":6,"column":72}},"7":{"start":{"line":7,"column":4},"end":{"line":9,"column":5}},"8":{"start":{"line":8,"column":8},"end":{"line":8,"column":87}},"9":{"start":{"line":10,"column":4},"end":{"line":29,"column":5}},"10":{"start":{"line":11,"column":8},"end":{"line":11,"column":24}},"11":{"start":{"line":14,"column":9},"end":{"line":29,"column":5}},"12":{"start":{"line":15,"column":8},"end":{"line":15,"column":29}},"13":{"start":{"line":18,"column":9},"end":{"line":29,"column":5}},"14":{"start":{"line":19,"column":8},"end":{"line":19,"column":26}},"15":{"start":{"line":21,"column":9},"end":{"line":29,"column":5}},"16":{"start":{"line":22,"column":8},"end":{"line":22,"column":26}},"17":{"start":{"line":24,"column":9},"end":{"line":29,"column":5}},"18":{"start":{"line":25,"column":8},"end":{"line":25,"column":29}},"19":{"start":{"line":27,"column":9},"end":{"line":29,"column":5}},"20":{"start":{"line":28,"column":8},"end":{"line":28,"column":28}},"21":{"start":{"line":30,"column":4},"end":{"line":30,"column":55}}},"branchMap":{"1":{"line":7,"type":"if","locations":[{"start":{"line":7,"column":4},"end":{"line":7,"column":4}},{"start":{"line":7,"column":4},"end":{"line":7,"column":4}}]},"2":{"line":10,"type":"if","locations":[{"start":{"line":10,"column":4},"end":{"line":10,"column":4}},{"start":{"line":10,"column":4},"end":{"line":10,"column":4}}]},"3":{"line":14,"type":"if","locations":[{"start":{"line":14,"column":9},"end":{"line":14,"column":9}},{"start":{"line":14,"column":9},"end":{"line":14,"column":9}}]},"4":{"line":18,"type":"if","locations":[{"start":{"line":18,"column":9},"end":{"line":18,"column":9}},{"start":{"line":18,"column":9},"end":{"line":18,"column":9}}]},"5":{"line":21,"type":"if","locations":[{"start":{"line":21,"column":9},"end":{"line":21,"column":9}},{"start":{"line":21,"column":9},"end":{"line":21,"column":9}}]},"6":{"line":24,"type":"if","locations":[{"start":{"line":24,"column":9},"end":{"line":24,"column":9}},{"start":{"line":24,"column":9},"end":{"line":24,"column":9}}]},"7":{"line":27,"type":"if","locations":[{"start":{"line":27,"column":9},"end":{"line":27,"column":9}},{"start":{"line":27,"column":9},"end":{"line":27,"column":9}}]}}},"C:\\Users\\Aditya Raj\\Desktop\\apigee-proxy\\apiproxy\\resources\\spec\\Print_HeadersSpec.js":{"path":"C:\\Users\\Aditya Raj\\Desktop\\apigee-proxy\\apiproxy\\resources\\spec\\Print_HeadersSpec.js","s":{"1":1,"2":1,"3":1,"4":5,"5":5,"6":9,"7":5,"8":5,"9":1,"10":1,"11":1,"12":1,"13":1,"14":1,"15":1,"16":1,"17":1,"18":1,"19":1,"20":1,"21":1,"22":1,"23":1,"24":1,"25":1,"26":1,"27":1,"28":1,"29":1},"b":{},"f":{"1":1,"2":5,"3":5,"4":9,"5":5,"6":1,"7":1,"8":1,"9":1,"10":1},"fnMap":{"1":{"name":"(anonymous_1)","line":2,"loc":{"start":{"line":2,"column":31},"end":{"line":2,"column":43}}},"2":{"name":"(anonymous_2)","line":3,"loc":{"start":{"line":3,"column":15},"end":{"line":3,"column":27}}},"3":{"name":"(anonymous_3)","line":4,"loc":{"start":{"line":4,"column":22},"end":{"line":4,"column":34}}},"4":{"name":"(anonymous_4)","line":7,"loc":{"start":{"line":7,"column":25},"end":{"line":7,"column":63}}},"5":{"name":"(anonymous_5)","line":10,"loc":{"start":{"line":10,"column":25},"end":{"line":10,"column":49}}},"6":{"name":"(anonymous_6)","line":17,"loc":{"start":{"line":17,"column":65},"end":{"line":17,"column":77}}},"7":{"name":"(anonymous_7)","line":23,"loc":{"start":{"line":23,"column":70},"end":{"line":23,"column":82}}},"8":{"name":"(anonymous_8)","line":29,"loc":{"start":{"line":29,"column":78},"end":{"line":29,"column":90}}},"9":{"name":"(anonymous_9)","line":36,"loc":{"start":{"line":36,"column":63},"end":{"line":36,"column":75}}},"10":{"name":"(anonymous_10)","line":42,"loc":{"start":{"line":42,"column":77},"end":{"line":42,"column":89}}}},"statementMap":{"1":{"start":{"line":1,"column":0},"end":{"line":1,"column":69}},"2":{"start":{"line":2,"column":0},"end":{"line":48,"column":3}},"3":{"start":{"line":3,"column":4},"end":{"line":15,"column":7}},"4":{"start":{"line":4,"column":8},"end":{"line":5,"column":10}},"5":{"start":{"line":6,"column":8},"end":{"line":13,"column":10}},"6":{"start":{"line":8,"column":16},"end":{"line":8,"column":50}},"7":{"start":{"line":11,"column":16},"end":{"line":11,"column":42}},"8":{"start":{"line":14,"column":8},"end":{"line":14,"column":32}},"9":{"start":{"line":17,"column":4},"end":{"line":21,"column":7}},"10":{"start":{"line":18,"column":8},"end":{"line":18,"column":46}},"11":{"start":{"line":19,"column":8},"end":{"line":19,"column":24}},"12":{"start":{"line":20,"column":8},"end":{"line":20,"column":58}},"13":{"start":{"line":23,"column":4},"end":{"line":27,"column":7}},"14":{"start":{"line":24,"column":8},"end":{"line":24,"column":51}},"15":{"start":{"line":25,"column":8},"end":{"line":25,"column":24}},"16":{"start":{"line":26,"column":8},"end":{"line":26,"column":58}},"17":{"start":{"line":29,"column":4},"end":{"line":34,"column":7}},"18":{"start":{"line":30,"column":8},"end":{"line":30,"column":39}},"19":{"start":{"line":31,"column":8},"end":{"line":31,"column":49}},"20":{"start":{"line":32,"column":8},"end":{"line":32,"column":24}},"21":{"start":{"line":33,"column":8},"end":{"line":33,"column":57}},"22":{"start":{"line":36,"column":4},"end":{"line":40,"column":7}},"23":{"start":{"line":37,"column":8},"end":{"line":37,"column":55}},"24":{"start":{"line":38,"column":8},"end":{"line":38,"column":24}},"25":{"start":{"line":39,"column":8},"end":{"line":39,"column":59}},"26":{"start":{"line":42,"column":4},"end":{"line":46,"column":7}},"27":{"start":{"line":43,"column":8},"end":{"line":43,"column":44}},"28":{"start":{"line":44,"column":8},"end":{"line":44,"column":24}},"29":{"start":{"line":45,"column":8},"end":{"line":45,"column":52}}},"branchMap":{}},"C:\\Users\\Aditya Raj\\Desktop\\apigee-proxy\\apiproxy\\resources\\jsc\\Print_Headers\\Print_Headers.js":{"path":"C:\\Users\\Aditya Raj\\Desktop\\apigee-proxy\\apiproxy\\resources\\jsc\\Print_Headers\\Print_Headers.js","s":{"1":1,"2":5,"3":5,"4":2,"5":3,"6":2},"b":{"1":[2,3],"2":[5,4],"3":[2,1]},"f":{"1":5},"fnMap":{"1":{"name":"print_Headers","line":1,"loc":{"start":{"line":1,"column":16},"end":{"line":1,"column":41}}}},"statementMap":{"1":{"start":{"line":1,"column":0},"end":{"line":10,"column":2}},"2":{"start":{"line":2,"column":4},"end":{"line":2,"column":51}},"3":{"start":{"line":4,"column":4},"end":{"line":8,"column":5}},"4":{"start":{"line":5,"column":8},"end":{"line":5,"column":57}},"5":{"start":{"line":6,"column":11},"end":{"line":8,"column":5}},"6":{"start":{"line":7,"column":8},"end":{"line":7,"column":57}}},"branchMap":{"1":{"line":4,"type":"if","locations":[{"start":{"line":4,"column":4},"end":{"line":4,"column":4}},{"start":{"line":4,"column":4},"end":{"line":4,"column":4}}]},"2":{"line":4,"type":"binary-expr","locations":[{"start":{"line":4,"column":7},"end":{"line":4,"column":24}},{"start":{"line":4,"column":28},"end":{"line":4,"column":50}}]},"3":{"line":6,"type":"if","locations":[{"start":{"line":6,"column":11},"end":{"line":6,"column":11}},{"start":{"line":6,"column":11},"end":{"line":6,"column":11}}]}}}}