TN:
SF:C:\Users\Aditya Raj\Desktop\apigee-proxy\apiproxy\resources\spec\AddContentLanguageHeaderSpec.js
FN:2,(anonymous_1)
FN:3,(anonymous_2)
FN:4,(anonymous_3)
FN:7,(anonymous_4)
FN:10,(anonymous_5)
FN:17,(anonymous_6)
FN:25,(anonymous_7)
FNF:7
FNH:7
FNDA:1,(anonymous_1)
FNDA:2,(anonymous_2)
FNDA:2,(anonymous_3)
FNDA:8,(anonymous_4)
FNDA:6,(anonymous_5)
FNDA:1,(anonymous_6)
FNDA:1,(anonymous_7)
DA:1,1
DA:2,1
DA:3,1
DA:4,2
DA:6,2
DA:8,8
DA:11,6
DA:14,2
DA:17,1
DA:18,1
DA:19,1
DA:20,1
DA:21,1
DA:22,1
DA:25,1
DA:26,1
DA:27,1
DA:28,1
LF:18
LH:18
BRF:0
BRH:0
end_of_record
TN:
SF:C:\Users\Aditya Raj\Desktop\apigee-proxy\apiproxy\resources\jsc\AddContentLanguageHeader\AddContentLanguageHeader.js
FN:1,addContentLanguageHeader
FNF:1
FNH:1
FNDA:2,addContentLanguageHeader
DA:1,1
DA:2,2
DA:3,2
DA:4,2
DA:5,2
DA:6,2
DA:7,2
DA:8,1
DA:10,2
DA:11,1
DA:14,1
DA:15,1
DA:18,0
DA:19,0
DA:21,0
DA:22,0
DA:24,0
DA:25,0
DA:27,0
DA:28,0
DA:30,2
LF:21
LH:13
BRDA:7,1,0,1
BRDA:7,1,1,1
BRDA:10,2,0,1
BRDA:10,2,1,1
BRDA:14,3,0,1
BRDA:14,3,1,0
BRDA:18,4,0,0
BRDA:18,4,1,0
BRDA:21,5,0,0
BRDA:21,5,1,0
BRDA:24,6,0,0
BRDA:24,6,1,0
BRDA:27,7,0,0
BRDA:27,7,1,0
BRF:14
BRH:5
end_of_record
TN:
SF:C:\Users\Aditya Raj\Desktop\apigee-proxy\apiproxy\resources\spec\Print_HeadersSpec.js
FN:2,(anonymous_1)
FN:3,(anonymous_2)
FN:4,(anonymous_3)
FN:7,(anonymous_4)
FN:10,(anonymous_5)
FN:17,(anonymous_6)
FN:23,(anonymous_7)
FN:29,(anonymous_8)
FN:36,(anonymous_9)
FN:42,(anonymous_10)
FNF:10
FNH:10
FNDA:1,(anonymous_1)
FNDA:5,(anonymous_2)
FNDA:5,(anonymous_3)
FNDA:9,(anonymous_4)
FNDA:5,(anonymous_5)
FNDA:1,(anonymous_6)
FNDA:1,(anonymous_7)
FNDA:1,(anonymous_8)
FNDA:1,(anonymous_9)
FNDA:1,(anonymous_10)
DA:1,1
DA:2,1
DA:3,1
DA:4,5
DA:6,5
DA:8,9
DA:11,5
DA:14,5
DA:17,1
DA:18,1
DA:19,1
DA:20,1
DA:23,1
DA:24,1
DA:25,1
DA:26,1
DA:29,1
DA:30,1
DA:31,1
DA:32,1
DA:33,1
DA:36,1
DA:37,1
DA:38,1
DA:39,1
DA:42,1
DA:43,1
DA:44,1
DA:45,1
LF:29
LH:29
BRF:0
BRH:0
end_of_record
TN:
SF:C:\Users\Aditya Raj\Desktop\apigee-proxy\apiproxy\resources\jsc\Print_Headers\Print_Headers.js
FN:1,print_Headers
FNF:1
FNH:1
FNDA:5,print_Headers
DA:1,1
DA:2,5
DA:4,5
DA:5,2
DA:6,3
DA:7,2
LF:6
LH:6
BRDA:4,1,0,2
BRDA:4,1,1,3
BRDA:4,2,0,5
BRDA:4,2,1,4
BRDA:6,3,0,2
BRDA:6,3,1,1
BRF:6
BRH:6
end_of_record
